<?xml version="1.0" encoding="UTF-8"?>
<!-- Generated by org.testng.reporters.JUnitReportReporter -->
<testsuite hostname="WINDOWS-10" failures="0" tests="1" name="tests.SoapXMLRequest" time="3.726" errors="0" timestamp="2023-02-18T21:25:32 ICT" skipped="0">
  <testcase classname="tests.SoapXMLRequest" name="validateSoapXML" time="3.726"/>
  <system-out/>
</testsuite> <!-- tests.SoapXMLRequest -->
