<?xml version="1.0" encoding="UTF-8"?>
<!-- Generated by org.testng.reporters.JUnitReportReporter -->
<testsuite hostname="WINDOWS-10" failures="0" tests="2" name="tests.TestsExamples" time="4.643" errors="0" timestamp="2023-02-17T11:02:38 ICT" skipped="0">
  <testcase classname="tests.TestsExamples" name="test_2" time="1.499"/>
  <system-out/>
  <testcase classname="tests.TestsExamples" name="test_1" time="3.144"/>
  <system-out/>
</testsuite> <!-- tests.TestsExamples -->
