<?xml version="1.0" encoding="UTF-8"?>
<!-- Generated by org.testng.reporters.JUnitReportReporter -->
<testsuite hostname="WINDOWS-10" failures="0" tests="1" name="tests.TestsOnLocalAPI" time="1.099" errors="0" timestamp="2023-02-17T22:48:51 ICT" skipped="0">
  <testcase classname="tests.TestsOnLocalAPI" name="delete" time="1.099"/>
  <system-out/>
</testsuite> <!-- tests.TestsOnLocalAPI -->
