<?xml version="1.0" encoding="UTF-8"?>
<!-- Generated by org.testng.reporters.JUnitReportReporter -->
<testsuite hostname="WINDOWS-10" failures="0" tests="2" name="tests.GetAndPostExamples" time="5.079" errors="0" timestamp="2023-02-17T13:51:05 ICT" skipped="1">
  <testcase classname="tests.GetAndPostExamples" name="testPost" time="5.079"/>
  <system-out/>
  <testcase classname="tests.GetAndPostExamples" name="testGet">
    <skipped/>
  </testcase> <!-- testGet -->
  <system-out/>
</testsuite> <!-- tests.GetAndPostExamples -->
