<?xml version="1.0" encoding="UTF-8"?>
<!-- Generated by org.testng.reporters.JUnitReportReporter -->
<testsuite hostname="WINDOWS-10" failures="0" tests="1" name="tests.JSONSchemaValidator" time="1.771" errors="0" timestamp="2023-02-18T00:33:08 ICT" skipped="0">
  <testcase classname="tests.JSONSchemaValidator" name="testGet" time="1.771"/>
  <system-out/>
</testsuite> <!-- tests.JSONSchemaValidator -->
