<?xml version="1.0" encoding="UTF-8"?>
<!-- Generated by org.testng.reporters.JUnitReportReporter -->
<testsuite hostname="WINDOWS-10" failures="0" tests="3" name="tests.APIExamples" time="4.346" errors="0" timestamp="2023-02-19T14:51:49 ICT" skipped="0">
  <testcase classname="tests.APIExamples" name="testPost" time="0.532"/>
  <system-out/>
  <testcase classname="tests.APIExamples" name="testPost" time="3.294"/>
  <system-out/>
  <testcase classname="tests.APIExamples" name="testPost" time="0.520"/>
  <system-out/>
</testsuite> <!-- tests.APIExamples -->
