<?xml version="1.0" encoding="UTF-8"?>
<!-- Generated by org.testng.reporters.JUnitReportReporter -->
<testsuite hostname="WINDOWS-10" failures="0" tests="5" name="tests.APIExamples" time="2.049" errors="0" timestamp="2023-02-17T22:18:42 ICT" skipped="4">
  <testcase classname="tests.APIExamples" name="testDelete" time="2.049"/>
  <system-out/>
  <testcase classname="tests.APIExamples" name="testPost">
    <skipped/>
  </testcase> <!-- testPost -->
  <system-out/>
  <testcase classname="tests.APIExamples" name="testPut">
    <skipped/>
  </testcase> <!-- testPut -->
  <system-out/>
  <testcase classname="tests.APIExamples" name="testGet">
    <skipped/>
  </testcase> <!-- testGet -->
  <system-out/>
  <testcase classname="tests.APIExamples" name="testPatch">
    <skipped/>
  </testcase> <!-- testPatch -->
  <system-out/>
</testsuite> <!-- tests.APIExamples -->
